<?xml version="1.0" encoding="UTF-8"?>
<!-- Generated by org.testng.reporters.JUnitReportReporter -->
<testsuite hostname="DESKTOP-OFIDLPQ" failures="0" tests="8" name="mykademyTests.LearnerModule" time="24.607" errors="0" timestamp="2022-05-31T06:50:24 IST" skipped="0">
  <testcase classname="mykademyTests.LearnerModule" name="Login_Check" time="1.645"/>
  <system-out/>
  <testcase classname="mykademyTests.LearnerModule" name="MoveToLearnerModule" time="3.506"/>
  <system-out/>
  <testcase classname="mykademyTests.LearnerModule" name="AddLearners" time="1.268"/>
  <system-out/>
  <testcase classname="mykademyTests.LearnerModule" name="AddLearners" time="2.186"/>
  <system-out/>
  <testcase classname="mykademyTests.LearnerModule" name="DeleteAlreadyAddedLearners" time="5.294"/>
  <system-out/>
  <testcase classname="mykademyTests.LearnerModule" name="UploadLearners" time="6.776"/>
  <system-out/>
  <testcase classname="mykademyTests.LearnerModule" name="ExportLearner" time="2.877"/>
  <system-out/>
  <testcase classname="mykademyTests.LearnerModule" name="GoToHomePage" time="1.055"/>
  <system-out/>
</testsuite> <!-- mykademyTests.LearnerModule -->
