<?xml version="1.0" encoding="UTF-8"?>
<!-- Generated by org.testng.reporters.JUnitReportReporter -->
<testsuite hostname="DESKTOP-OFIDLPQ" failures="0" tests="2" name="mykademyTests.LoginTest" time="5.795" errors="0" timestamp="2022-04-18T12:10:10 IST" skipped="0">
  <testcase classname="mykademyTests.LoginTest" name="Login_Error_Check" time="2.290"/>
  <system-out/>
  <testcase classname="mykademyTests.LoginTest" name="Login_Check" time="3.505"/>
  <system-out/>
</testsuite> <!-- mykademyTests.LoginTest -->
