<?xml version="1.0" encoding="UTF-8"?>
<!-- Generated by org.testng.reporters.JUnitReportReporter -->
<testsuite hostname="DESKTOP-OFIDLPQ" failures="0" tests="8" name="mykademyTests.LearnerAddTest" time="26.562" errors="0" timestamp="2022-04-18T12:17:16 IST" skipped="0">
  <testcase classname="mykademyTests.LearnerAddTest" name="Login_Check" time="4.463"/>
  <system-out/>
  <testcase classname="mykademyTests.LearnerAddTest" name="MoveToLearnerModule" time="1.857"/>
  <system-out/>
  <testcase classname="mykademyTests.LearnerAddTest" name="AddLearners" time="2.428"/>
  <system-out/>
  <testcase classname="mykademyTests.LearnerAddTest" name="AddLearners" time="1.291"/>
  <system-out/>
  <testcase classname="mykademyTests.LearnerAddTest" name="DeleteAlreadyAddedLearners" time="5.206"/>
  <system-out/>
  <testcase classname="mykademyTests.LearnerAddTest" name="UploadLearners" time="7.306"/>
  <system-out/>
  <testcase classname="mykademyTests.LearnerAddTest" name="ExportLearner" time="2.606"/>
  <system-out/>
  <testcase classname="mykademyTests.LearnerAddTest" name="GoToHomePage" time="1.405"/>
  <system-out/>
</testsuite> <!-- mykademyTests.LearnerAddTest -->
