<?xml version="1.0" encoding="UTF-8"?>
<!-- Generated by org.testng.reporters.JUnitReportReporter -->
<testsuite hostname="DESKTOP-OFIDLPQ" failures="0" tests="7" name="mykademyTests.FacilitatorModule" time="11.951" errors="0" timestamp="2022-05-31T06:49:08 IST" skipped="0">
  <testcase classname="mykademyTests.FacilitatorModule" name="Login_Check" time="1.466"/>
  <system-out/>
  <testcase classname="mykademyTests.FacilitatorModule" name="MoveToFacilitatorModule" time="1.368"/>
  <system-out/>
  <testcase classname="mykademyTests.FacilitatorModule" name="AddFacilitator" time="1.382"/>
  <system-out/>
  <testcase classname="mykademyTests.FacilitatorModule" name="AddToCourse" time="5.612"/>
  <system-out/>
  <testcase classname="mykademyTests.FacilitatorModule" name="DeleteFacilitator" time="0.930"/>
  <system-out/>
  <testcase classname="mykademyTests.FacilitatorModule" name="GoToHomePage" time="0.885"/>
  <system-out/>
  <testcase classname="mykademyTests.FacilitatorModule" name="teaDown" time="0.308"/>
  <system-out/>
</testsuite> <!-- mykademyTests.FacilitatorModule -->
