<?xml version="1.0" encoding="UTF-8"?>
<!-- Generated by org.testng.reporters.JUnitReportReporter -->
<testsuite hostname="DESKTOP-OFIDLPQ" failures="0" tests="1" name="mykademyTests.SignUp" time="1.747" errors="0" timestamp="2022-05-31T06:45:01 IST" skipped="0">
  <testcase classname="mykademyTests.SignUp" name="signUpTest" time="1.747"/>
  <system-out/>
</testsuite> <!-- mykademyTests.SignUp -->
