<?xml version="1.0" encoding="UTF-8"?>
<!-- Generated by org.testng.reporters.JUnitReportReporter -->
<testsuite hostname="DESKTOP-OFIDLPQ" failures="0" tests="3" name="mykademyTests.Login" time="2.410" errors="0" timestamp="2022-05-31T06:43:57 IST" skipped="0">
  <testcase classname="mykademyTests.Login" name="Login_Error_Check" time="0.131"/>
  <system-out/>
  <testcase classname="mykademyTests.Login" name="Login_Check" time="1.898"/>
  <system-out/>
  <testcase classname="mykademyTests.Login" name="teaDown" time="0.381"/>
  <system-out/>
</testsuite> <!-- mykademyTests.Login -->
