<?xml version="1.0" encoding="UTF-8"?>
<!-- Generated by org.testng.reporters.JUnitReportReporter -->
<testsuite hostname="DESKTOP-OFIDLPQ" failures="0" tests="1" name="mykademyTests.SignUpTest" time="2.816" errors="0" timestamp="2022-04-13T18:48:16 IST" skipped="0">
  <testcase classname="mykademyTests.SignUpTest" name="signUpTest" time="2.816"/>
  <system-out/>
</testsuite> <!-- mykademyTests.SignUpTest -->
