<?xml version="1.0" encoding="UTF-8"?>
<!-- Generated by org.testng.reporters.JUnitReportReporter -->
<testsuite hostname="DESKTOP-OFIDLPQ" failures="0" tests="6" name="mykademyTests.FacilitatorAddTest" time="15.133" errors="0" timestamp="2022-04-18T15:22:27 IST" skipped="0">
  <testcase classname="mykademyTests.FacilitatorAddTest" name="Login_Check" time="3.609"/>
  <system-out/>
  <testcase classname="mykademyTests.FacilitatorAddTest" name="MoveToFacilitatorModule" time="2.565"/>
  <system-out/>
  <testcase classname="mykademyTests.FacilitatorAddTest" name="AddFacilitator" time="1.407"/>
  <system-out/>
  <testcase classname="mykademyTests.FacilitatorAddTest" name="AddToCourse" time="5.632"/>
  <system-out/>
  <testcase classname="mykademyTests.FacilitatorAddTest" name="DeleteFacilitator" time="1.045"/>
  <system-out/>
  <testcase classname="mykademyTests.FacilitatorAddTest" name="GoToHomePage" time="0.875"/>
  <system-out/>
</testsuite> <!-- mykademyTests.FacilitatorAddTest -->
