<?xml version="1.0" encoding="UTF-8"?>
<!-- Generated by org.testng.reporters.JUnitReportReporter -->
<testsuite hostname="DESKTOP-OFIDLPQ" failures="0" tests="20" name="mykademyTests.CourseCreation" time="193.284" errors="0" timestamp="2022-05-30T19:55:25 IST" skipped="0">
  <testcase classname="mykademyTests.CourseCreation" name="Login_Check" time="2.010"/>
  <system-out/>
  <testcase classname="mykademyTests.CourseCreation" name="MoveToFacilitatorModule" time="1.461"/>
  <system-out/>
  <testcase classname="mykademyTests.CourseCreation" name="AddCourse" time="8.032"/>
  <system-out/>
  <testcase classname="mykademyTests.CourseCreation" name="importFile" time="6.807"/>
  <system-out/>
  <testcase classname="mykademyTests.CourseCreation" name="importFile" time="7.312"/>
  <system-out/>
  <testcase classname="mykademyTests.CourseCreation" name="importFile" time="13.775"/>
  <system-out/>
  <testcase classname="mykademyTests.CourseCreation" name="importFile" time="8.486"/>
  <system-out/>
  <testcase classname="mykademyTests.CourseCreation" name="importFile" time="8.834"/>
  <system-out/>
  <testcase classname="mykademyTests.CourseCreation" name="importFile" time="7.991"/>
  <system-out/>
  <testcase classname="mykademyTests.CourseCreation" name="importFile" time="15.943"/>
  <system-out/>
  <testcase classname="mykademyTests.CourseCreation" name="LiveClassCreation" time="8.236"/>
  <system-out/>
  <testcase classname="mykademyTests.CourseCreation" name="AssessmentCreation" time="24.774"/>
  <system-out/>
  <testcase classname="mykademyTests.CourseCreation" name="AssignmentCreation" time="8.490"/>
  <system-out/>
  <testcase classname="mykademyTests.CourseCreation" name="HTMLLecture" time="6.197"/>
  <system-out/>
  <testcase classname="mykademyTests.CourseCreation" name="ScormCreation" time="35.306"/>
  <system-out/>
  <testcase classname="mykademyTests.CourseCreation" name="YoutubeLecture" time="4.660"/>
  <system-out/>
  <testcase classname="mykademyTests.CourseCreation" name="SurveyLecture" time="10.632"/>
  <system-out/>
  <testcase classname="mykademyTests.CourseCreation" name="CourseSettings" time="6.344"/>
  <system-out/>
  <testcase classname="mykademyTests.CourseCreation" name="ActivateCourse" time="5.059"/>
  <system-out/>
  <testcase classname="mykademyTests.CourseCreation" name="DeleteCourse" time="2.935"/>
  <system-out/>
</testsuite> <!-- mykademyTests.CourseCreation -->
